<?xml version="1.0" encoding="UTF-8"?>
<coverage generated="1670039893352" clover="3.2.0">
  <project timestamp="1670039893352" name="All files">
    <metrics statements="52" coveredstatements="51" conditionals="35" coveredconditionals="11" methods="11" coveredmethods="11" elements="98" coveredelements="73" complexity="0" loc="52" ncloc="52" packages="1" files="1" classes="1"/>
    <file name="validator.ts" path="C:\xampp\htdocs\Nueva carpeta\FW-TypeScript\config\complementos\validator.ts">
      <metrics statements="52" coveredstatements="51" conditionals="35" coveredconditionals="11" methods="11" coveredmethods="11"/>
      <line num="2" count="1" type="stmt"/>
      <line num="6" count="80" type="cond" truecount="4" falsecount="0"/>
      <line num="7" count="79" type="stmt"/>
      <line num="11" count="9" type="stmt"/>
      <line num="12" count="9" type="cond" truecount="0" falsecount="1"/>
      <line num="13" count="9" type="stmt"/>
      <line num="14" count="9" type="stmt"/>
      <line num="18" count="6" type="stmt"/>
      <line num="19" count="6" type="cond" truecount="0" falsecount="1"/>
      <line num="20" count="6" type="cond" truecount="1" falsecount="0"/>
      <line num="21" count="5" type="stmt"/>
      <line num="22" count="5" type="stmt"/>
      <line num="26" count="10" type="stmt"/>
      <line num="27" count="10" type="cond" truecount="0" falsecount="1"/>
      <line num="28" count="10" type="stmt"/>
      <line num="29" count="10" type="stmt"/>
      <line num="33" count="4" type="stmt"/>
      <line num="34" count="4" type="cond" truecount="0" falsecount="1"/>
      <line num="35" count="4" type="cond" truecount="1" falsecount="0"/>
      <line num="36" count="3" type="stmt"/>
      <line num="37" count="3" type="stmt"/>
      <line num="41" count="5" type="stmt"/>
      <line num="42" count="5" type="cond" truecount="1" falsecount="0"/>
      <line num="43" count="4" type="stmt"/>
      <line num="44" count="4" type="stmt"/>
      <line num="48" count="4" type="stmt"/>
      <line num="49" count="4" type="cond" truecount="0" falsecount="1"/>
      <line num="50" count="4" type="cond" truecount="0" falsecount="1"/>
      <line num="51" count="4" type="stmt"/>
      <line num="52" count="4" type="stmt"/>
      <line num="56" count="42" type="stmt"/>
      <line num="57" count="42" type="cond" truecount="0" falsecount="1"/>
      <line num="58" count="42" type="stmt"/>
      <line num="59" count="42" type="cond" truecount="1" falsecount="0"/>
      <line num="60" count="39" type="stmt"/>
      <line num="61" count="39" type="stmt"/>
      <line num="65" count="22" type="cond" truecount="1" falsecount="0"/>
      <line num="66" count="20" type="stmt"/>
      <line num="67" count="20" type="stmt"/>
      <line num="71" count="7" type="cond" truecount="0" falsecount="1"/>
      <line num="72" count="7" type="cond" truecount="1" falsecount="0"/>
      <line num="74" count="6" type="stmt"/>
      <line num="75" count="6" type="stmt"/>
      <line num="76" count="6" type="stmt"/>
      <line num="80" count="3" type="cond" truecount="0" falsecount="1"/>
      <line num="81" count="3" type="stmt"/>
      <line num="82" count="3" type="stmt"/>
      <line num="83" count="3" type="stmt"/>
      <line num="84" count="3" type="stmt"/>
      <line num="85" count="3" type="cond" truecount="1" falsecount="1"/>
      <line num="86" count="3" type="stmt"/>
      <line num="88" count="0" type="stmt"/>
    </file>
  </project>
</coverage>
