{"C:\\xampp\\htdocs\\Nueva carpeta\\FW-TypeScript\\config\\complementos\\validator.ts": {"path":"C:\\xampp\\htdocs\\Nueva carpeta\\FW-TypeScript\\config\\complementos\\validator.ts","statementMap":{"0":{"start":{"line":6,"column":4},"end":{"line":6,"column":null}},"1":{"start":{"line":6,"column":65},"end":{"line":6,"column":null}},"2":{"start":{"line":7,"column":4},"end":{"line":7,"column":null}},"3":{"start":{"line":11,"column":20},"end":{"line":11,"column":30}},"4":{"start":{"line":12,"column":4},"end":{"line":12,"column":null}},"5":{"start":{"line":12,"column":40},"end":{"line":12,"column":null}},"6":{"start":{"line":13,"column":19},"end":{"line":13,"column":26}},"7":{"start":{"line":14,"column":4},"end":{"line":14,"column":null}},"8":{"start":{"line":18,"column":20},"end":{"line":18,"column":30}},"9":{"start":{"line":19,"column":4},"end":{"line":19,"column":null}},"10":{"start":{"line":19,"column":40},"end":{"line":19,"column":null}},"11":{"start":{"line":20,"column":4},"end":{"line":20,"column":null}},"12":{"start":{"line":20,"column":24},"end":{"line":20,"column":null}},"13":{"start":{"line":21,"column":19},"end":{"line":21,"column":42}},"14":{"start":{"line":22,"column":4},"end":{"line":22,"column":null}},"15":{"start":{"line":26,"column":20},"end":{"line":26,"column":32}},"16":{"start":{"line":27,"column":4},"end":{"line":27,"column":null}},"17":{"start":{"line":27,"column":40},"end":{"line":27,"column":null}},"18":{"start":{"line":28,"column":20},"end":{"line":28,"column":100}},"19":{"start":{"line":29,"column":4},"end":{"line":29,"column":null}},"20":{"start":{"line":33,"column":20},"end":{"line":33,"column":29}},"21":{"start":{"line":34,"column":4},"end":{"line":34,"column":null}},"22":{"start":{"line":34,"column":40},"end":{"line":34,"column":null}},"23":{"start":{"line":35,"column":4},"end":{"line":35,"column":null}},"24":{"start":{"line":35,"column":42},"end":{"line":35,"column":null}},"25":{"start":{"line":36,"column":20},"end":{"line":36,"column":31}},"26":{"start":{"line":37,"column":4},"end":{"line":37,"column":null}},"27":{"start":{"line":41,"column":20},"end":{"line":41,"column":28}},"28":{"start":{"line":42,"column":4},"end":{"line":42,"column":null}},"29":{"start":{"line":42,"column":40},"end":{"line":42,"column":null}},"30":{"start":{"line":43,"column":19},"end":{"line":43,"column":98}},"31":{"start":{"line":44,"column":4},"end":{"line":44,"column":null}},"32":{"start":{"line":48,"column":20},"end":{"line":48,"column":29}},"33":{"start":{"line":49,"column":4},"end":{"line":49,"column":null}},"34":{"start":{"line":49,"column":40},"end":{"line":49,"column":null}},"35":{"start":{"line":50,"column":4},"end":{"line":50,"column":null}},"36":{"start":{"line":50,"column":24},"end":{"line":50,"column":null}},"37":{"start":{"line":51,"column":19},"end":{"line":51,"column":55}},"38":{"start":{"line":52,"column":4},"end":{"line":52,"column":null}},"39":{"start":{"line":56,"column":20},"end":{"line":56,"column":29}},"40":{"start":{"line":57,"column":4},"end":{"line":57,"column":null}},"41":{"start":{"line":57,"column":38},"end":{"line":57,"column":null}},"42":{"start":{"line":58,"column":19},"end":{"line":58,"column":49}},"43":{"start":{"line":59,"column":4},"end":{"line":59,"column":null}},"44":{"start":{"line":59,"column":30},"end":{"line":59,"column":null}},"45":{"start":{"line":60,"column":24},"end":{"line":60,"column":56}},"46":{"start":{"line":61,"column":4},"end":{"line":61,"column":null}},"47":{"start":{"line":65,"column":4},"end":{"line":65,"column":null}},"48":{"start":{"line":65,"column":35},"end":{"line":65,"column":null}},"49":{"start":{"line":66,"column":20},"end":{"line":66,"column":34}},"50":{"start":{"line":67,"column":4},"end":{"line":67,"column":null}},"51":{"start":{"line":71,"column":4},"end":{"line":71,"column":null}},"52":{"start":{"line":71,"column":37},"end":{"line":71,"column":null}},"53":{"start":{"line":72,"column":4},"end":{"line":72,"column":null}},"54":{"start":{"line":72,"column":38},"end":{"line":72,"column":null}},"55":{"start":{"line":74,"column":27},"end":{"line":74,"column":63}},"56":{"start":{"line":75,"column":26},"end":{"line":75,"column":63}},"57":{"start":{"line":76,"column":4},"end":{"line":76,"column":null}},"58":{"start":{"line":80,"column":4},"end":{"line":80,"column":null}},"59":{"start":{"line":80,"column":55},"end":{"line":80,"column":null}},"60":{"start":{"line":81,"column":27},"end":{"line":81,"column":63}},"61":{"start":{"line":82,"column":26},"end":{"line":82,"column":63}},"62":{"start":{"line":83,"column":31},"end":{"line":83,"column":71}},"63":{"start":{"line":84,"column":28},"end":{"line":84,"column":57}},"64":{"start":{"line":85,"column":4},"end":{"line":89,"column":null}},"65":{"start":{"line":86,"column":6},"end":{"line":86,"column":null}},"66":{"start":{"line":88,"column":6},"end":{"line":88,"column":null}},"67":{"start":{"line":2,"column":0},"end":{"line":2,"column":21}}},"fnMap":{"0":{"name":"(anonymous_0)","decl":{"start":{"line":4,"column":2},"end":{"line":4,"column":17}},"loc":{"start":{"line":4,"column":32},"end":{"line":8,"column":3}}},"1":{"name":"(anonymous_1)","decl":{"start":{"line":10,"column":2},"end":{"line":10,"column":19}},"loc":{"start":{"line":10,"column":35},"end":{"line":15,"column":3}}},"2":{"name":"(anonymous_2)","decl":{"start":{"line":17,"column":2},"end":{"line":17,"column":19}},"loc":{"start":{"line":17,"column":35},"end":{"line":23,"column":3}}},"3":{"name":"(anonymous_3)","decl":{"start":{"line":25,"column":2},"end":{"line":25,"column":19}},"loc":{"start":{"line":25,"column":37},"end":{"line":30,"column":3}}},"4":{"name":"(anonymous_4)","decl":{"start":{"line":32,"column":2},"end":{"line":32,"column":16}},"loc":{"start":{"line":32,"column":31},"end":{"line":38,"column":3}}},"5":{"name":"(anonymous_5)","decl":{"start":{"line":40,"column":2},"end":{"line":40,"column":15}},"loc":{"start":{"line":40,"column":29},"end":{"line":45,"column":3}}},"6":{"name":"(anonymous_6)","decl":{"start":{"line":47,"column":2},"end":{"line":47,"column":16}},"loc":{"start":{"line":47,"column":31},"end":{"line":53,"column":3}}},"7":{"name":"(anonymous_7)","decl":{"start":{"line":55,"column":2},"end":{"line":55,"column":16}},"loc":{"start":{"line":55,"column":31},"end":{"line":62,"column":3}}},"8":{"name":"(anonymous_8)","decl":{"start":{"line":64,"column":2},"end":{"line":64,"column":25}},"loc":{"start":{"line":64,"column":40},"end":{"line":68,"column":3}}},"9":{"name":"(anonymous_9)","decl":{"start":{"line":70,"column":2},"end":{"line":70,"column":25}},"loc":{"start":{"line":70,"column":61},"end":{"line":77,"column":3}}},"10":{"name":"(anonymous_10)","decl":{"start":{"line":79,"column":2},"end":{"line":79,"column":26}},"loc":{"start":{"line":79,"column":79},"end":{"line":90,"column":3}}}},"branchMap":{"0":{"loc":{"start":{"line":4,"column":18},"end":{"line":4,"column":32}},"type":"default-arg","locations":[{"start":{"line":4,"column":30},"end":{"line":4,"column":32}}]},"1":{"loc":{"start":{"line":6,"column":4},"end":{"line":6,"column":null}},"type":"if","locations":[{"start":{"line":6,"column":4},"end":{"line":6,"column":null}}]},"2":{"loc":{"start":{"line":6,"column":8},"end":{"line":6,"column":63}},"type":"binary-expr","locations":[{"start":{"line":6,"column":8},"end":{"line":6,"column":20}},{"start":{"line":6,"column":24},"end":{"line":6,"column":42}},{"start":{"line":6,"column":46},"end":{"line":6,"column":63}}]},"3":{"loc":{"start":{"line":10,"column":20},"end":{"line":10,"column":35}},"type":"default-arg","locations":[{"start":{"line":10,"column":33},"end":{"line":10,"column":35}}]},"4":{"loc":{"start":{"line":12,"column":4},"end":{"line":12,"column":null}},"type":"if","locations":[{"start":{"line":12,"column":4},"end":{"line":12,"column":null}}]},"5":{"loc":{"start":{"line":17,"column":20},"end":{"line":17,"column":35}},"type":"default-arg","locations":[{"start":{"line":17,"column":33},"end":{"line":17,"column":35}}]},"6":{"loc":{"start":{"line":19,"column":4},"end":{"line":19,"column":null}},"type":"if","locations":[{"start":{"line":19,"column":4},"end":{"line":19,"column":null}}]},"7":{"loc":{"start":{"line":20,"column":4},"end":{"line":20,"column":null}},"type":"if","locations":[{"start":{"line":20,"column":4},"end":{"line":20,"column":null}}]},"8":{"loc":{"start":{"line":25,"column":20},"end":{"line":25,"column":37}},"type":"default-arg","locations":[{"start":{"line":25,"column":35},"end":{"line":25,"column":37}}]},"9":{"loc":{"start":{"line":27,"column":4},"end":{"line":27,"column":null}},"type":"if","locations":[{"start":{"line":27,"column":4},"end":{"line":27,"column":null}}]},"10":{"loc":{"start":{"line":32,"column":17},"end":{"line":32,"column":31}},"type":"default-arg","locations":[{"start":{"line":32,"column":29},"end":{"line":32,"column":31}}]},"11":{"loc":{"start":{"line":34,"column":4},"end":{"line":34,"column":null}},"type":"if","locations":[{"start":{"line":34,"column":4},"end":{"line":34,"column":null}}]},"12":{"loc":{"start":{"line":35,"column":4},"end":{"line":35,"column":null}},"type":"if","locations":[{"start":{"line":35,"column":4},"end":{"line":35,"column":null}}]},"13":{"loc":{"start":{"line":40,"column":16},"end":{"line":40,"column":29}},"type":"default-arg","locations":[{"start":{"line":40,"column":27},"end":{"line":40,"column":29}}]},"14":{"loc":{"start":{"line":42,"column":4},"end":{"line":42,"column":null}},"type":"if","locations":[{"start":{"line":42,"column":4},"end":{"line":42,"column":null}}]},"15":{"loc":{"start":{"line":47,"column":17},"end":{"line":47,"column":31}},"type":"default-arg","locations":[{"start":{"line":47,"column":29},"end":{"line":47,"column":31}}]},"16":{"loc":{"start":{"line":49,"column":4},"end":{"line":49,"column":null}},"type":"if","locations":[{"start":{"line":49,"column":4},"end":{"line":49,"column":null}}]},"17":{"loc":{"start":{"line":50,"column":4},"end":{"line":50,"column":null}},"type":"if","locations":[{"start":{"line":50,"column":4},"end":{"line":50,"column":null}}]},"18":{"loc":{"start":{"line":55,"column":17},"end":{"line":55,"column":31}},"type":"default-arg","locations":[{"start":{"line":55,"column":29},"end":{"line":55,"column":31}}]},"19":{"loc":{"start":{"line":57,"column":4},"end":{"line":57,"column":null}},"type":"if","locations":[{"start":{"line":57,"column":4},"end":{"line":57,"column":null}}]},"20":{"loc":{"start":{"line":59,"column":4},"end":{"line":59,"column":null}},"type":"if","locations":[{"start":{"line":59,"column":4},"end":{"line":59,"column":null}}]},"21":{"loc":{"start":{"line":64,"column":26},"end":{"line":64,"column":40}},"type":"default-arg","locations":[{"start":{"line":64,"column":38},"end":{"line":64,"column":40}}]},"22":{"loc":{"start":{"line":65,"column":4},"end":{"line":65,"column":null}},"type":"if","locations":[{"start":{"line":65,"column":4},"end":{"line":65,"column":null}}]},"23":{"loc":{"start":{"line":70,"column":26},"end":{"line":70,"column":42}},"type":"default-arg","locations":[{"start":{"line":70,"column":40},"end":{"line":70,"column":42}}]},"24":{"loc":{"start":{"line":70,"column":44},"end":{"line":70,"column":61}},"type":"default-arg","locations":[{"start":{"line":70,"column":59},"end":{"line":70,"column":61}}]},"25":{"loc":{"start":{"line":71,"column":4},"end":{"line":71,"column":null}},"type":"if","locations":[{"start":{"line":71,"column":4},"end":{"line":71,"column":null}}]},"26":{"loc":{"start":{"line":72,"column":4},"end":{"line":72,"column":null}},"type":"if","locations":[{"start":{"line":72,"column":4},"end":{"line":72,"column":null}}]},"27":{"loc":{"start":{"line":79,"column":27},"end":{"line":79,"column":43}},"type":"default-arg","locations":[{"start":{"line":79,"column":41},"end":{"line":79,"column":43}}]},"28":{"loc":{"start":{"line":79,"column":45},"end":{"line":79,"column":62}},"type":"default-arg","locations":[{"start":{"line":79,"column":60},"end":{"line":79,"column":62}}]},"29":{"loc":{"start":{"line":79,"column":64},"end":{"line":79,"column":79}},"type":"default-arg","locations":[{"start":{"line":79,"column":78},"end":{"line":79,"column":79}}]},"30":{"loc":{"start":{"line":80,"column":4},"end":{"line":80,"column":null}},"type":"if","locations":[{"start":{"line":80,"column":4},"end":{"line":80,"column":null}}]},"31":{"loc":{"start":{"line":85,"column":4},"end":{"line":89,"column":null}},"type":"if","locations":[{"start":{"line":85,"column":4},"end":{"line":89,"column":null}},{"start":{"line":87,"column":11},"end":{"line":89,"column":null}}]}},"s":{"0":80,"1":1,"2":79,"3":9,"4":9,"5":0,"6":9,"7":9,"8":6,"9":6,"10":0,"11":6,"12":1,"13":5,"14":5,"15":10,"16":10,"17":0,"18":10,"19":10,"20":4,"21":4,"22":0,"23":4,"24":1,"25":3,"26":3,"27":5,"28":5,"29":1,"30":4,"31":4,"32":4,"33":4,"34":0,"35":4,"36":0,"37":4,"38":4,"39":42,"40":42,"41":0,"42":42,"43":42,"44":3,"45":39,"46":39,"47":22,"48":2,"49":20,"50":20,"51":7,"52":0,"53":7,"54":1,"55":6,"56":6,"57":6,"58":3,"59":0,"60":3,"61":3,"62":3,"63":3,"64":3,"65":3,"66":0,"67":1},"f":{"0":80,"1":9,"2":6,"3":10,"4":4,"5":5,"6":4,"7":42,"8":22,"9":7,"10":3},"b":{"0":[0],"1":[1],"2":[80,80,80],"3":[0],"4":[0],"5":[0],"6":[0],"7":[1],"8":[0],"9":[0],"10":[0],"11":[0],"12":[1],"13":[0],"14":[1],"15":[0],"16":[0],"17":[0],"18":[0],"19":[0],"20":[3],"21":[0],"22":[2],"23":[0],"24":[0],"25":[0],"26":[1],"27":[0],"28":[0],"29":[0],"30":[0],"31":[3,0]}}
}
