TN:
SF:config\complementos\validator.ts
FN:4,(anonymous_0)
FN:10,(anonymous_1)
FN:17,(anonymous_2)
FN:25,(anonymous_3)
FN:32,(anonymous_4)
FN:40,(anonymous_5)
FN:47,(anonymous_6)
FN:55,(anonymous_7)
FN:64,(anonymous_8)
FN:70,(anonymous_9)
FN:79,(anonymous_10)
FNF:11
FNH:11
FNDA:80,(anonymous_0)
FNDA:9,(anonymous_1)
FNDA:6,(anonymous_2)
FNDA:10,(anonymous_3)
FNDA:4,(anonymous_4)
FNDA:5,(anonymous_5)
FNDA:4,(anonymous_6)
FNDA:42,(anonymous_7)
FNDA:22,(anonymous_8)
FNDA:7,(anonymous_9)
FNDA:3,(anonymous_10)
DA:2,1
DA:6,80
DA:7,79
DA:11,9
DA:12,9
DA:13,9
DA:14,9
DA:18,6
DA:19,6
DA:20,6
DA:21,5
DA:22,5
DA:26,10
DA:27,10
DA:28,10
DA:29,10
DA:33,4
DA:34,4
DA:35,4
DA:36,3
DA:37,3
DA:41,5
DA:42,5
DA:43,4
DA:44,4
DA:48,4
DA:49,4
DA:50,4
DA:51,4
DA:52,4
DA:56,42
DA:57,42
DA:58,42
DA:59,42
DA:60,39
DA:61,39
DA:65,22
DA:66,20
DA:67,20
DA:71,7
DA:72,7
DA:74,6
DA:75,6
DA:76,6
DA:80,3
DA:81,3
DA:82,3
DA:83,3
DA:84,3
DA:85,3
DA:86,3
DA:88,0
LF:52
LH:51
BRDA:4,0,0,0
BRDA:6,1,0,1
BRDA:6,2,0,80
BRDA:6,2,1,80
BRDA:6,2,2,80
BRDA:10,3,0,0
BRDA:12,4,0,0
BRDA:17,5,0,0
BRDA:19,6,0,0
BRDA:20,7,0,1
BRDA:25,8,0,0
BRDA:27,9,0,0
BRDA:32,10,0,0
BRDA:34,11,0,0
BRDA:35,12,0,1
BRDA:40,13,0,0
BRDA:42,14,0,1
BRDA:47,15,0,0
BRDA:49,16,0,0
BRDA:50,17,0,0
BRDA:55,18,0,0
BRDA:57,19,0,0
BRDA:59,20,0,3
BRDA:64,21,0,0
BRDA:65,22,0,2
BRDA:70,23,0,0
BRDA:70,24,0,0
BRDA:71,25,0,0
BRDA:72,26,0,1
BRDA:79,27,0,0
BRDA:79,28,0,0
BRDA:79,29,0,0
BRDA:80,30,0,0
BRDA:85,31,0,3
BRDA:85,31,1,0
BRF:35
BRH:11
end_of_record
